Script started on Sun 10 Dec 2023 11:17:56 AM UTC
^[]0;root@lvm:~^G^[[?1034h[root@lvm ~]# lvremove /dev/vg_rooo^H^[[K^H^[[Kot/lv_root
Do you really want to remove active logical volume vg_root/lv_root? [y/n]: y
  Logical volume "lv_root" successfully removed
^[]0;root@lvm:~^G[root@lvm ~]# vgremove /dev/vg_root
  Volume group "vg_root" successfully removed
^[]0;root@lvm:~^G[root@lvm ~]# pvcreate^H^[[K^H^[[K^H^[[K^H^[[K^H^[[K^H^[[Kremove /dev/sdb
  Labels on physical volume "/dev/sdb" successfully wiped.
^[]0;root@lvm:~^G[root@lvm ~]# lvcreaet^H^[[K^H^[[Kte -n Log^GVol_Home -L 2G /dev/Vo^Gol^H^[[K^H^[[KlG^Grp^H^[[Kp^H^[[Koup00
  Logical volume "LogVol_Home" created.
^[]0;root@lvm:~^G[root@lvm ~]# mkfs.xfs /dev/VolGroup00/L^GogVol_Home
meta-data=/dev/VolGroup00/LogVol_Home isize=512    agcount=4, agsize=131072 blks
         =                       sectsz=512   attr=2, projid32bit=1
         =                       crc=1        finobt=0, sparse=0
data     =                       bsize=4096   blocks=524288, imaxpct=25
         =                       sunit=0      swidth=0 blks
naming   =version 2              bsize=4096   ascii-ci=0 ftype=1
log	 =internal log           bsize=4096   blocks=2560, version=2
         =                       sectsz=512   sunit=0 blks, lazy-count=1
realtime =none                   extsz=4096   blocks=0, rtextents=0
^[]0;root@lvm:~^G[root@lvm ~]# mount /dev/VolGroup00/L^GogVol_Home  /mnt/
^[]0;root@lvm:~^G[root@lvm ~]# cp -aR /home/* /mnt/
^[]0;root@lvm:~^G[root@lvm ~]# rm -rf /home/*
^[]0;root@lvm:~^G[root@lvm ~]# umount /mnt
^[]0;root@lvm:~^G[root@lvm ~]# mount /dev/VolGroup00/Log^GVol_Home /home/
^[]0;root@lvm:~^G[root@lvm ~]# echo "`bblkid | grep Home | awk '{print $2}'` /home xfs defaults 0 0" >> fstab
bash: bblkid: command not found
^[]0;root@lvm:~^G[root@lvm ~]# echo "`bblkid | grep Home | awk '{print $2}'` /home xfs defaults 0 0" >> fstab^H^H^H^H^H/fstab^H^H^H^H^Hefstab$
bash: bblkid: command not found
^[]0;root@lvm:~^G[root@lvm ~]# echo "`bblkid | grep Home | awk '{print $2}'` /home xfs defaults 0 0" >> /etc/fstab^H^H^H^H^H^H^H^H^H^H^H^H^H^$
^[]0;root@lvm:~^G[root@lvm ~]# car^H^[[Kt /etc/fstab
#
# /etc/fstab
# Created by anaconda on Sat May 12 18:50:26 2018
#
# Accessible filesystems, by reference, are maintained under '/dev/disk'
# See man pages fstab(5), findfs(8), mount(8) and/or blkid(8) for more info
#
/dev/mapper/VolGroup00-LogVol00 /                       xfs     defaults        0 0
UUID=570897ca-e759-4c81-90cf-389da6eee4cc /boot                   xfs     defaults        0 0
/dev/mapper/VolGroup00-LogVol01 swap                    swap    defaults        0 0
#VAGRANT-BEGIN
# The contents below are automatically generated by Vagrant. Do not modify.
#VAGRANT-END
UUID="f6416857-3e19-45bc-9343-00536914964a" /var ext4 defaults 0 0
 /home xfs defaults 0 0
UUID="6cac2408-c017-4588-b56a-eae26c3bea0a" /home xfs defaults 0 0
^[]0;root@lvm:~^G[root@lvm ~]# touch /home/file{}^H1}^H.}^H.}^H2}^H0}^H
^[]0;root@lvm:~^G[root@lvm ~]# ^M^[[K[root@lvm ~]# ^M^[[K[root@lvm ~]# ^M^[[K[root@lvm ~]# ^M^[[K[root@lvm ~]# ^M^[[K[root@lvm ~]# ^M^[[K[roo$
  Rounding up size to full physical extent 128.00 MiB
  Logical volume "home_snap" created.
^[]0;root@lvm:~^G[root@lvm ~]# rm -f /home/file{}^H1}^H1}^H.}^H.}^H2}^H0}^H
^[]0;root@lvm:~^G[root@lvm ~]# umount /home
^[]0;root@lvm:~^G[root@lvm ~]# lvconvert --meg^H^[[Krge /dev/VolGroup00/home_snap
  Merging of volume VolGroup00/home_snap started.
  VolGroup00/LogVol_Home: Merged: 100.00%
^[]0;root@lvm:~^G[root@lvm ~]# mount /home
^[]0;root@lvm:~^G[root@lvm ~]# ll
total 40
-rw-------. 1 root root 5763 May 12  2018 anaconda-ks.cfg
-rw-r--r--. 1 root root    0 Dec 10 07:56 file.txt
-rw-r--r--. 1 root root   24 Dec 10 11:23 fstab
-rw-r--r--. 1 root root 8735 Dec 10 10:58 hw4_1.log
-rw-r--r--. 1 root root 2344 Dec 10  2023 hw4_2.log
-rw-r--r--. 1 root root 3814 Dec 10 11:28 hw4_3.log
-rw-------. 1 root root 5432 May 12  2018 original-ks.cfg
^[]0;root@lvm:~^G[root@lvm ~]# ll /home
total 0
-rw-r--r--. 1 root    root     0 Dec 10 11:24 file1
-rw-r--r--. 1 root    root     0 Dec 10 11:24 file10
-rw-r--r--. 1 root    root     0 Dec 10 11:24 file11
-rw-r--r--. 1 root    root     0 Dec 10 11:24 file12
-rw-r--r--. 1 root    root     0 Dec 10 11:24 file13
-rw-r--r--. 1 root    root     0 Dec 10 11:24 file14
-rw-r--r--. 1 root    root     0 Dec 10 11:24 file15
-rw-r--r--. 1 root    root     0 Dec 10 11:24 file16
-rw-r--r--. 1 root    root     0 Dec 10 11:24 file17
-rw-r--r--. 1 root    root     0 Dec 10 11:24 file18
-rw-r--r--. 1 root    root     0 Dec 10 11:24 file19
-rw-r--r--. 1 root    root     0 Dec 10 11:24 file2
-rw-r--r--. 1 root    root     0 Dec 10 11:24 file20
-rw-r--r--. 1 root    root     0 Dec 10 11:24 file3
-rw-r--r--. 1 root    root     0 Dec 10 11:24 file4
-rw-r--r--. 1 root    root     0 Dec 10 11:24 file5
-rw-r--r--. 1 root    root     0 Dec 10 11:24 file6
-rw-r--r--. 1 root    root     0 Dec 10 11:24 file7
-rw-r--r--. 1 root    root     0 Dec 10 11:24 file8
-rw-r--r--. 1 root    root     0 Dec 10 11:24 file9
drwx------. 3 vagrant vagrant 95 Dec 10 08:15 ^[[0m^[[38;5;27mvagrant^[[0m
^[]0;root@lvm:~^G[root@lvm ~]# cd ~
^[]0;root@lvm:~^G[root@lvm ~]# ll
total 44
-rw-------. 1 root root 5763 May 12  2018 anaconda-ks.cfg
-rw-r--r--. 1 root root    0 Dec 10 07:56 file.txt
-rw-r--r--. 1 root root   24 Dec 10 11:23 fstab
-rw-r--r--. 1 root root 8735 Dec 10 10:58 hw4_1.log
-rw-r--r--. 1 root root 2344 Dec 10  2023 hw4_2.log
-rw-r--r--. 1 root root 5462 Dec 10 11:28 hw4_3.log
-rw-------. 1 root root 5432 May 12  2018 original-ks.cfg

